mode: set
github.com/Avalanche-io/c4/c4m/transform/transform.go:34.33,35.11 1 0
github.com/Avalanche-io/c4/c4m/transform/transform.go:36.13,37.15 1 0
github.com/Avalanche-io/c4/c4m/transform/transform.go:38.16,39.18 1 0
github.com/Avalanche-io/c4/c4m/transform/transform.go:40.16,41.18 1 0
github.com/Avalanche-io/c4/c4m/transform/transform.go:42.14,43.16 1 0
github.com/Avalanche-io/c4/c4m/transform/transform.go:44.14,45.16 1 0
github.com/Avalanche-io/c4/c4m/transform/transform.go:46.10,47.19 1 0
github.com/Avalanche-io/c4/c4m/transform/transform.go:94.30,102.2 1 1
github.com/Avalanche-io/c4/c4m/transform/transform.go:105.50,106.19 1 1
github.com/Avalanche-io/c4/c4m/transform/transform.go:106.19,108.3 1 0
github.com/Avalanche-io/c4/c4m/transform/transform.go:109.2,113.3 1 1
github.com/Avalanche-io/c4/c4m/transform/transform.go:117.78,128.27 4 1
github.com/Avalanche-io/c4/c4m/transform/transform.go:128.27,131.3 2 1
github.com/Avalanche-io/c4/c4m/transform/transform.go:134.2,135.26 2 1
github.com/Avalanche-io/c4/c4m/transform/transform.go:135.26,138.3 2 1
github.com/Avalanche-io/c4/c4m/transform/transform.go:141.2,142.26 2 1
github.com/Avalanche-io/c4/c4m/transform/transform.go:142.26,145.3 2 1
github.com/Avalanche-io/c4/c4m/transform/transform.go:146.2,146.26 1 1
github.com/Avalanche-io/c4/c4m/transform/transform.go:146.26,149.3 2 1
github.com/Avalanche-io/c4/c4m/transform/transform.go:152.2,154.18 2 1
github.com/Avalanche-io/c4/c4m/transform/transform.go:158.66,164.39 3 1
github.com/Avalanche-io/c4/c4m/transform/transform.go:164.39,165.26 1 1
github.com/Avalanche-io/c4/c4m/transform/transform.go:165.26,167.4 1 1
github.com/Avalanche-io/c4/c4m/transform/transform.go:168.3,168.34 1 1
github.com/Avalanche-io/c4/c4m/transform/transform.go:173.77,174.27 1 1
github.com/Avalanche-io/c4/c4m/transform/transform.go:174.27,176.3 1 0
github.com/Avalanche-io/c4/c4m/transform/transform.go:178.2,183.39 4 1
github.com/Avalanche-io/c4/c4m/transform/transform.go:183.39,185.3 1 1
github.com/Avalanche-io/c4/c4m/transform/transform.go:188.2,189.39 2 1
github.com/Avalanche-io/c4/c4m/transform/transform.go:189.39,191.3 1 1
github.com/Avalanche-io/c4/c4m/transform/transform.go:194.2,194.45 1 1
github.com/Avalanche-io/c4/c4m/transform/transform.go:194.45,195.31 1 1
github.com/Avalanche-io/c4/c4m/transform/transform.go:195.31,196.12 1 1
github.com/Avalanche-io/c4/c4m/transform/transform.go:200.3,200.67 1 1
github.com/Avalanche-io/c4/c4m/transform/transform.go:200.67,203.89 1 1
github.com/Avalanche-io/c4/c4m/transform/transform.go:203.89,204.13 1 1
github.com/Avalanche-io/c4/c4m/transform/transform.go:209.4,210.43 2 1
github.com/Avalanche-io/c4/c4m/transform/transform.go:210.43,212.87 1 1
github.com/Avalanche-io/c4/c4m/transform/transform.go:212.87,214.11 2 1
github.com/Avalanche-io/c4/c4m/transform/transform.go:218.4,218.46 1 1
github.com/Avalanche-io/c4/c4m/transform/transform.go:218.46,220.13 1 1
github.com/Avalanche-io/c4/c4m/transform/transform.go:224.4,224.46 1 1
github.com/Avalanche-io/c4/c4m/transform/transform.go:224.46,226.109 1 1
github.com/Avalanche-io/c4/c4m/transform/transform.go:226.109,235.11 4 1
github.com/Avalanche-io/c4/c4m/transform/transform.go:241.2,241.12 1 1
github.com/Avalanche-io/c4/c4m/transform/transform.go:245.85,250.39 3 1
github.com/Avalanche-io/c4/c4m/transform/transform.go:250.39,252.3 1 1
github.com/Avalanche-io/c4/c4m/transform/transform.go:255.2,255.45 1 1
github.com/Avalanche-io/c4/c4m/transform/transform.go:255.45,256.65 1 1
github.com/Avalanche-io/c4/c4m/transform/transform.go:256.65,258.62 1 1
github.com/Avalanche-io/c4/c4m/transform/transform.go:258.62,259.63 1 1
github.com/Avalanche-io/c4/c4m/transform/transform.go:259.63,265.6 1 1
github.com/Avalanche-io/c4/c4m/transform/transform.go:266.10,267.57 1 0
github.com/Avalanche-io/c4/c4m/transform/transform.go:267.57,274.5 1 0
github.com/Avalanche-io/c4/c4m/transform/transform.go:278.2,278.12 1 1
github.com/Avalanche-io/c4/c4m/transform/transform.go:282.123,285.27 2 1
github.com/Avalanche-io/c4/c4m/transform/transform.go:285.27,288.3 2 1
github.com/Avalanche-io/c4/c4m/transform/transform.go:289.2,289.26 1 1
github.com/Avalanche-io/c4/c4m/transform/transform.go:289.26,291.3 1 1
github.com/Avalanche-io/c4/c4m/transform/transform.go:294.2,295.39 2 1
github.com/Avalanche-io/c4/c4m/transform/transform.go:295.39,297.3 1 1
github.com/Avalanche-io/c4/c4m/transform/transform.go:299.2,300.39 2 1
github.com/Avalanche-io/c4/c4m/transform/transform.go:300.39,302.3 1 1
github.com/Avalanche-io/c4/c4m/transform/transform.go:305.2,306.39 2 1
github.com/Avalanche-io/c4/c4m/transform/transform.go:306.39,307.29 1 1
github.com/Avalanche-io/c4/c4m/transform/transform.go:307.29,308.51 1 1
github.com/Avalanche-io/c4/c4m/transform/transform.go:308.51,314.5 1 1
github.com/Avalanche-io/c4/c4m/transform/transform.go:319.2,320.39 2 1
github.com/Avalanche-io/c4/c4m/transform/transform.go:320.39,321.29 1 1
github.com/Avalanche-io/c4/c4m/transform/transform.go:321.29,322.51 1 1
github.com/Avalanche-io/c4/c4m/transform/transform.go:322.51,328.5 1 1
github.com/Avalanche-io/c4/c4m/transform/transform.go:332.2,332.19 1 1
github.com/Avalanche-io/c4/c4m/transform/transform.go:336.54,342.50 1 1
github.com/Avalanche-io/c4/c4m/transform/transform.go:342.50,351.3 2 1
github.com/Avalanche-io/c4/c4m/transform/transform.go:355.72,357.17 2 1
github.com/Avalanche-io/c4/c4m/transform/transform.go:358.13,360.22 2 1
github.com/Avalanche-io/c4/c4m/transform/transform.go:360.22,362.4 1 1
github.com/Avalanche-io/c4/c4m/transform/transform.go:363.16,364.18 1 1
github.com/Avalanche-io/c4/c4m/transform/transform.go:365.16,367.22 2 1
github.com/Avalanche-io/c4/c4m/transform/transform.go:367.22,369.4 1 1
github.com/Avalanche-io/c4/c4m/transform/transform.go:370.14,371.16 1 1
github.com/Avalanche-io/c4/c4m/transform/transform.go:372.14,374.22 2 0
github.com/Avalanche-io/c4/c4m/transform/transform.go:374.22,376.4 1 0
github.com/Avalanche-io/c4/c4m/transform/transform.go:382.71,389.39 4 1
github.com/Avalanche-io/c4/c4m/transform/transform.go:389.39,390.26 1 1
github.com/Avalanche-io/c4/c4m/transform/transform.go:390.26,392.4 1 1
github.com/Avalanche-io/c4/c4m/transform/transform.go:393.3,393.33 1 1
github.com/Avalanche-io/c4/c4m/transform/transform.go:397.2,397.39 1 1
github.com/Avalanche-io/c4/c4m/transform/transform.go:397.39,401.51 2 1
github.com/Avalanche-io/c4/c4m/transform/transform.go:401.51,403.4 1 1
github.com/Avalanche-io/c4/c4m/transform/transform.go:406.3,406.40 1 1
github.com/Avalanche-io/c4/c4m/transform/transform.go:406.40,409.12 1 0
github.com/Avalanche-io/c4/c4m/transform/transform.go:412.3,412.13 1 1
github.com/Avalanche-io/c4/c4m/transform/transform.go:412.13,414.4 1 1
github.com/Avalanche-io/c4/c4m/transform/transform.go:417.2,418.21 2 1
github.com/Avalanche-io/c4/c4m/transform/transform.go:422.69,425.2 1 1
github.com/Avalanche-io/c4/c4m/transform/transform.go:437.50,448.41 4 1
github.com/Avalanche-io/c4/c4m/transform/transform.go:448.41,453.30 4 1
github.com/Avalanche-io/c4/c4m/transform/transform.go:453.30,454.25 1 1
github.com/Avalanche-io/c4/c4m/transform/transform.go:454.25,456.5 1 1
github.com/Avalanche-io/c4/c4m/transform/transform.go:456.10,458.5 1 1
github.com/Avalanche-io/c4/c4m/transform/transform.go:460.4,460.54 1 1
github.com/Avalanche-io/c4/c4m/transform/transform.go:460.54,462.5 1 1
github.com/Avalanche-io/c4/c4m/transform/transform.go:462.10,471.26 2 1
github.com/Avalanche-io/c4/c4m/transform/transform.go:471.26,473.6 1 1
github.com/Avalanche-io/c4/c4m/transform/transform.go:475.5,477.18 3 1
github.com/Avalanche-io/c4/c4m/transform/transform.go:482.2,482.13 1 1
github.com/Avalanche-io/c4/c4m/transform/transform.go:486.35,487.25 1 1
github.com/Avalanche-io/c4/c4m/transform/transform.go:487.25,489.3 1 0
github.com/Avalanche-io/c4/c4m/transform/transform.go:492.2,492.17 1 1
github.com/Avalanche-io/c4/c4m/transform/transform.go:492.17,494.3 1 0
github.com/Avalanche-io/c4/c4m/transform/transform.go:497.2,497.24 1 1
github.com/Avalanche-io/c4/c4m/transform/transform.go:497.24,499.3 1 0
github.com/Avalanche-io/c4/c4m/transform/transform.go:501.2,501.30 1 1
github.com/Avalanche-io/c4/c4m/transform/transform.go:506.60,508.36 1 1
github.com/Avalanche-io/c4/c4m/transform/transform.go:508.36,510.3 1 0
github.com/Avalanche-io/c4/c4m/transform/transform.go:511.2,511.19 1 1
github.com/Avalanche-io/c4/c4m/transform/transform.go:511.19,513.3 1 0
github.com/Avalanche-io/c4/c4m/transform/transform.go:514.2,514.19 1 1
github.com/Avalanche-io/c4/c4m/transform/transform.go:514.19,516.3 1 0
github.com/Avalanche-io/c4/c4m/transform/transform.go:519.2,520.33 2 1
github.com/Avalanche-io/c4/c4m/transform/transform.go:520.33,522.3 1 1
github.com/Avalanche-io/c4/c4m/transform/transform.go:525.2,532.20 6 1
github.com/Avalanche-io/c4/c4m/transform/transform.go:532.20,534.3 1 1
github.com/Avalanche-io/c4/c4m/transform/transform.go:537.2,537.26 1 1
github.com/Avalanche-io/c4/c4m/transform/transform.go:537.26,539.3 1 1
github.com/Avalanche-io/c4/c4m/transform/transform.go:540.2,540.26 1 1
github.com/Avalanche-io/c4/c4m/transform/transform.go:540.26,542.3 1 1
github.com/Avalanche-io/c4/c4m/transform/transform.go:545.2,545.26 1 1
github.com/Avalanche-io/c4/c4m/transform/transform.go:545.26,546.27 1 1
github.com/Avalanche-io/c4/c4m/transform/transform.go:546.27,558.4 4 1
github.com/Avalanche-io/c4/c4m/transform/transform.go:561.2,561.24 1 1
github.com/Avalanche-io/c4/c4m/transform/transform.go:565.38,566.26 1 1
github.com/Avalanche-io/c4/c4m/transform/transform.go:566.26,568.3 1 0
github.com/Avalanche-io/c4/c4m/transform/transform.go:571.2,571.38 1 1
github.com/Avalanche-io/c4/c4m/transform/transform.go:571.38,572.53 1 0
github.com/Avalanche-io/c4/c4m/transform/transform.go:572.53,574.4 1 0
github.com/Avalanche-io/c4/c4m/transform/transform.go:578.2,578.25 1 1
github.com/Avalanche-io/c4/c4m/transform/transform.go:582.37,583.17 1 1
github.com/Avalanche-io/c4/c4m/transform/transform.go:583.17,585.3 1 0
github.com/Avalanche-io/c4/c4m/transform/transform.go:586.2,587.38 2 1
github.com/Avalanche-io/c4/c4m/transform/transform.go:587.38,589.3 1 1
github.com/Avalanche-io/c4/c4m/transform/transform.go:590.2,590.14 1 1
github.com/Avalanche-io/c4/c4m/transform/transform.go:594.24,595.11 1 1
github.com/Avalanche-io/c4/c4m/transform/transform.go:595.11,597.3 1 1
github.com/Avalanche-io/c4/c4m/transform/transform.go:598.2,598.10 1 1
github.com/Avalanche-io/c4/c4m/transform/transform.go:602.32,611.34 7 0
github.com/Avalanche-io/c4/c4m/transform/transform.go:611.34,612.18 1 0
github.com/Avalanche-io/c4/c4m/transform/transform.go:613.14,614.51 1 0
github.com/Avalanche-io/c4/c4m/transform/transform.go:615.17,616.54 1 0
github.com/Avalanche-io/c4/c4m/transform/transform.go:617.17,618.54 1 0
github.com/Avalanche-io/c4/c4m/transform/transform.go:619.15,620.69 1 0
github.com/Avalanche-io/c4/c4m/transform/transform.go:621.15,622.69 1 0
github.com/Avalanche-io/c4/c4m/transform/transform.go:626.2,626.15 1 0
